Using pre-set license

 COMMAND LINE ARGUMENTS:
/Applications/Unity/Hub/Editor/2021.1.10f1/Unity.app/Contents/MacOS/Unity
-adb2
-batchMode
-noUpm
-name
AssetImportWorker0
-projectPath
/Users/nitesh/Desktop/unitygame/Unity_Learn/JumpandCollect
-logFile
Logs/AssetImportWorker0.log
-srvPort
51031
Successfully changed project path to: /Users/nitesh/Desktop/unitygame/Unity_Learn/JumpandCollect
/Users/nitesh/Desktop/unitygame/Unity_Learn/JumpandCollect
Using Asset Import Pipeline V2.
Refreshing native plugins compatible for Editor in 79.96 ms, found 3 plugins.
Preloading 0 native plugins for Editor in 0.00 ms.
Initialize engine version: 2021.1.10f1 (b15f561b2cef)
[Subsystems] Discovering subsystems at path /Applications/Unity/Hub/Editor/2021.1.10f1/Unity.app/Contents/Resources/UnitySubsystems
[Subsystems] Discovering subsystems at path /Users/nitesh/Desktop/unitygame/Unity_Learn/JumpandCollect/Assets
GfxDevice: creating device client; threaded=0; jobified=0
2021-06-25 13:11:11.742 Unity[3780:80702] Color LCD preferred device: Intel(R) Iris(TM) Graphics 6000 (low power)
2021-06-25 13:11:11.742 Unity[3780:80702] Metal devices available: 1
2021-06-25 13:11:11.742 Unity[3780:80702] 0: Intel(R) Iris(TM) Graphics 6000 (low power)
2021-06-25 13:11:11.743 Unity[3780:80702] Using device Intel(R) Iris(TM) Graphics 6000 (low power)
Initializing Metal device caps: Intel(R) Iris(TM) Graphics 6000
Initialize mono
Mono path[0] = '/Applications/Unity/Hub/Editor/2021.1.10f1/Unity.app/Contents/Managed'
Mono path[1] = '/Applications/Unity/Hub/Editor/2021.1.10f1/Unity.app/Contents/MonoBleedingEdge/lib/mono/unityjit'
Mono config path = '/Applications/Unity/Hub/Editor/2021.1.10f1/Unity.app/Contents/MonoBleedingEdge/etc'
Using monoOptions --debugger-agent=transport=dt_socket,embedding=1,server=y,suspend=n,address=127.0.0.1:56780
Begin MonoManager ReloadAssembly
Registering precompiled unity dll's ...
Register platform support module: /Applications/Unity/Hub/Editor/2021.1.10f1/Unity.app/Contents/PlaybackEngines/MacStandaloneSupport/UnityEditor.OSXStandalone.Extensions.dll
Registered in 0.003153 seconds.
Native extension for OSXStandalone target not found
Refreshing native plugins compatible for Editor in 65.26 ms, found 3 plugins.
Preloading 0 native plugins for Editor in 0.00 ms.
Mono: successfully reloaded assembly
- Completed reload, in  7.191 seconds
Domain Reload Profiling:
	ReloadAssembly (7191ms)
		BeginReloadAssembly (84ms)
			ExecutionOrderSort (0ms)
			DisableScriptedObjects (0ms)
			BackupInstance (0ms)
			ReleaseScriptingObjects (0ms)
			CreateAndSetChildDomain (2ms)
		EndReloadAssembly (865ms)
			LoadAssemblies (87ms)
			RebuildTransferFunctionScriptingTraits (0ms)
			SetupTypeCache (388ms)
			ReleaseScriptCaches (0ms)
			RebuildScriptCaches (64ms)
			SetupLoadedEditorAssemblies (327ms)
				LogAssemblyErrors (0ms)
				InitializePlatformSupportModulesInManaged (10ms)
				SetLoadedEditorAssemblies (0ms)
				RefreshPlugins (65ms)
				BeforeProcessingInitializeOnLoad (2ms)
				ProcessInitializeOnLoadAttributes (194ms)
				ProcessInitializeOnLoadMethodAttributes (55ms)
				AfterProcessingInitializeOnLoad (0ms)
				EditorAssembliesLoaded (0ms)
			ExecutionOrderSort2 (0ms)
			AwakeInstancesAfterBackupRestoration (0ms)
Platform modules already initialized, skipping
Registering precompiled user dll's ...
Registered in 0.019935 seconds.
Begin MonoManager ReloadAssembly
Native extension for OSXStandalone target not found
Refreshing native plugins compatible for Editor in 73.00 ms, found 3 plugins.
Preloading 0 native plugins for Editor in 0.00 ms.
Mono: successfully reloaded assembly
- Completed reload, in  2.199 seconds
Domain Reload Profiling:
	ReloadAssembly (2201ms)
		BeginReloadAssembly (286ms)
			ExecutionOrderSort (0ms)
			DisableScriptedObjects (8ms)
			BackupInstance (0ms)
			ReleaseScriptingObjects (0ms)
			CreateAndSetChildDomain (65ms)
		EndReloadAssembly (1814ms)
			LoadAssemblies (252ms)
			RebuildTransferFunctionScriptingTraits (0ms)
			SetupTypeCache (590ms)
			ReleaseScriptCaches (1ms)
			RebuildScriptCaches (92ms)
			SetupLoadedEditorAssemblies (664ms)
				LogAssemblyErrors (0ms)
				InitializePlatformSupportModulesInManaged (18ms)
				SetLoadedEditorAssemblies (1ms)
				RefreshPlugins (73ms)
				BeforeProcessingInitializeOnLoad (81ms)
				ProcessInitializeOnLoadAttributes (452ms)
				ProcessInitializeOnLoadMethodAttributes (36ms)
				AfterProcessingInitializeOnLoad (3ms)
				EditorAssembliesLoaded (0ms)
			ExecutionOrderSort2 (0ms)
			AwakeInstancesAfterBackupRestoration (12ms)
Platform modules already initialized, skipping
========================================================================
Worker process is ready to serve import requests
Launching external process: /Applications/Unity/Hub/Editor/2021.1.10f1/Unity.app/Contents/Tools/UnityShaderCompiler
Launched and connected shader compiler UnityShaderCompiler after 0.08 seconds
Refreshing native plugins compatible for Editor in 0.72 ms, found 3 plugins.
Preloading 0 native plugins for Editor in 0.00 ms.
Unloading 2109 Unused Serialized files (Serialized files now loaded: 0)
System memory in use before: 177.1 MB.
System memory in use after: 177.2 MB.

Unloading 28 unused Assets to reduce memory usage. Loaded Objects now: 2564.
Total: 5.323603 ms (FindLiveObjects: 0.370833 ms CreateObjectMapping: 0.202730 ms MarkObjects: 4.659892 ms  DeleteObjects: 0.088282 ms)

AssetImportParameters requested are different than current active one (requested -> active):
  custom:video-decoder-ogg-theora: a1e56fd34408186e4bbccfd4996cb3dc -> 
  custom:container-muxer-webm: aa71ff27fc2769a1b78a27578f13a17b -> 
  custom:container-demuxer-webm: 4f35f7cbe854078d1ac9338744f61a02 -> 
  custom:container-demuxer-ogg: 62fdf1f143b41e24485cea50d1cbac27 -> 
  custom:video-encoder-webm-vp8: eb34c28f22e8b96e1ab97ce403110664 -> 
  custom:framework-osx-AVFoundation: e770b220cccbd017edd2c1fefb359320 -> 
  custom:video-decoder-webm-vp8: 9c59270c3fd7afecdb556c50c9e8de78 -> 
  custom:audio-decoder-ogg-vorbis: bf7c407c2cedff20999df2af8eb42d56 -> 
  custom:audio-encoder-webm-vorbis: bf7c407c2cedff20999df2af8eb42d56 -> 
========================================================================
Received Import Request.
  path: Assets/RootMAin/Scripts
  artifactKey: Guid(cd685f42e467e4bd0bfa6684f577746e) Importer(815301076,1909f56bfc062723c751e8b465ee728b)
Start importing Assets/RootMAin/Scripts using Guid(cd685f42e467e4bd0bfa6684f577746e) Importer(815301076,1909f56bfc062723c751e8b465ee728b)  -> (artifact id: '6d6088be320f36d96f25696e985fd35a') in 0.007834 seconds 
========================================================================
Received Import Request.
  Time since last request: 1.370320 seconds.
  path: Assets/RootMAin/Scene
  artifactKey: Guid(070db0bcb542b4ec597b5c1b12c0b415) Importer(815301076,1909f56bfc062723c751e8b465ee728b)
Start importing Assets/RootMAin/Scene using Guid(070db0bcb542b4ec597b5c1b12c0b415) Importer(815301076,1909f56bfc062723c751e8b465ee728b)  -> (artifact id: 'ebbb0a7b9ed202582861c4e2573b8d60') in 0.004363 seconds 
========================================================================
Received Import Request.
  Time since last request: 9.085017 seconds.
  path: Assets/RootMAin/Frefabs
  artifactKey: Guid(376424422125645ffbdd8aca4154a482) Importer(815301076,1909f56bfc062723c751e8b465ee728b)
Start importing Assets/RootMAin/Frefabs using Guid(376424422125645ffbdd8aca4154a482) Importer(815301076,1909f56bfc062723c751e8b465ee728b)  -> (artifact id: 'e7e63c32f66b4ae0d62d77ee4317c1ea') in 0.005192 seconds 
========================================================================
Received Import Request.
  Time since last request: 10.322318 seconds.
  path: Assets/Scenes/Main.unity
  artifactKey: Guid(a2331b7ee85b1448b97deea3bb9e989f) Importer(815301076,1909f56bfc062723c751e8b465ee728b)
Start importing Assets/Scenes/Main.unity using Guid(a2331b7ee85b1448b97deea3bb9e989f) Importer(815301076,1909f56bfc062723c751e8b465ee728b)  -> (artifact id: 'fa709589da65713ac5cf0bd85402a217') in 0.017774 seconds 
========================================================================
Received Import Request.
  Time since last request: 37.767365 seconds.
  path: Assets/RootMAin
  artifactKey: Guid(fc973804de9794589b0da69d7d59dc30) Importer(815301076,1909f56bfc062723c751e8b465ee728b)
Start importing Assets/RootMAin using Guid(fc973804de9794589b0da69d7d59dc30) Importer(815301076,1909f56bfc062723c751e8b465ee728b)  -> (artifact id: '6a75a3ac05a554f01fe8d0316004850b') in 0.002613 seconds 
========================================================================
Received Import Request.
  Time since last request: 8.283385 seconds.
  path: Assets/RootMAin/Frefabs/Man.prefab
  artifactKey: Guid(cc300d3692aba4d6e8aeaf8b352da086) Importer(815301076,1909f56bfc062723c751e8b465ee728b)
Start importing Assets/RootMAin/Frefabs/Man.prefab using Guid(cc300d3692aba4d6e8aeaf8b352da086) Importer(815301076,1909f56bfc062723c751e8b465ee728b)  -> (artifact id: 'c39d28dfc34b0d5cbbe63d381fd396f2') in 1.602361 seconds 
========================================================================
Received Import Request.
  Time since last request: 23.224713 seconds.
  path: Assets/RootMAin/Scene/Game_Scene.unity
  artifactKey: Guid(69dc473ca23ef4fbf95559d565b173ae) Importer(815301076,1909f56bfc062723c751e8b465ee728b)
Start importing Assets/RootMAin/Scene/Game_Scene.unity using Guid(69dc473ca23ef4fbf95559d565b173ae) Importer(815301076,1909f56bfc062723c751e8b465ee728b)  -> (artifact id: 'd90ac5e6e8d5158e6d1ff3ef9b8bac9b') in 0.009627 seconds 
========================================================================
Received Import Request.
  Time since last request: 62.642070 seconds.
  path: Assets/Scenes/SampleScene.unity
  artifactKey: Guid(2cda990e2423bbf4892e6590ba056729) Importer(815301076,1909f56bfc062723c751e8b465ee728b)
Start importing Assets/Scenes/SampleScene.unity using Guid(2cda990e2423bbf4892e6590ba056729) Importer(815301076,1909f56bfc062723c751e8b465ee728b)  -> (artifact id: 'eb426bc56c17b88f6309e43989a5b892') in 0.003450 seconds 
========================================================================
Received Import Request.
  Time since last request: 545.811594 seconds.
  path: Assets/Scenes/Scipts/Player1.cs
  artifactKey: Guid(82a18b441bd814ca3aa1c94dd780ec65) Importer(815301076,1909f56bfc062723c751e8b465ee728b)
Start importing Assets/Scenes/Scipts/Player1.cs using Guid(82a18b441bd814ca3aa1c94dd780ec65) Importer(815301076,1909f56bfc062723c751e8b465ee728b)  -> (artifact id: '4d594a1dd048372337c7862cbf665c7b') in 0.525660 seconds 
========================================================================
Received Import Request.
  Time since last request: 227.126506 seconds.
  path: Assets/Scenes/Main.unity
  artifactKey: Guid(a2331b7ee85b1448b97deea3bb9e989f) Importer(815301076,1909f56bfc062723c751e8b465ee728b)
Start importing Assets/Scenes/Main.unity using Guid(a2331b7ee85b1448b97deea3bb9e989f) Importer(815301076,1909f56bfc062723c751e8b465ee728b)  -> (artifact id: 'ba8f6527a5cc1638121675c76af8bf93') in 0.005337 seconds 
========================================================================
Received Prepare
Registering precompiled user dll's ...
Registered in 0.006473 seconds.
Begin MonoManager ReloadAssembly
Native extension for OSXStandalone target not found
Refreshing native plugins compatible for Editor in 0.65 ms, found 3 plugins.
Preloading 0 native plugins for Editor in 0.00 ms.
Mono: successfully reloaded assembly
- Completed reload, in  2.809 seconds
Domain Reload Profiling:
	ReloadAssembly (2809ms)
		BeginReloadAssembly (480ms)
			ExecutionOrderSort (0ms)
			DisableScriptedObjects (28ms)
			BackupInstance (0ms)
			ReleaseScriptingObjects (0ms)
			CreateAndSetChildDomain (249ms)
		EndReloadAssembly (2175ms)
			LoadAssemblies (357ms)
			RebuildTransferFunctionScriptingTraits (0ms)
			SetupTypeCache (955ms)
			ReleaseScriptCaches (3ms)
			RebuildScriptCaches (134ms)
			SetupLoadedEditorAssemblies (513ms)
				LogAssemblyErrors (0ms)
				InitializePlatformSupportModulesInManaged (7ms)
				SetLoadedEditorAssemblies (1ms)
				RefreshPlugins (1ms)
				BeforeProcessingInitializeOnLoad (87ms)
				ProcessInitializeOnLoadAttributes (398ms)
				ProcessInitializeOnLoadMethodAttributes (16ms)
				AfterProcessingInitializeOnLoad (2ms)
				EditorAssembliesLoaded (0ms)
			ExecutionOrderSort2 (0ms)
			AwakeInstancesAfterBackupRestoration (18ms)
Platform modules already initialized, skipping
Refreshing native plugins compatible for Editor in 0.80 ms, found 3 plugins.
Preloading 0 native plugins for Editor in 0.00 ms.
Unloading 2109 Unused Serialized files (Serialized files now loaded: 0)
System memory in use before: 190.7 MB.
System memory in use after: 190.9 MB.

Unloading 21 unused Assets to reduce memory usage. Loaded Objects now: 2581.
Total: 5.085749 ms (FindLiveObjects: 0.299584 ms CreateObjectMapping: 0.118625 ms MarkObjects: 4.451969 ms  DeleteObjects: 0.213337 ms)

AssetImportParameters requested are different than current active one (requested -> active):
  custom:video-decoder-ogg-theora: a1e56fd34408186e4bbccfd4996cb3dc -> 
  custom:container-muxer-webm: aa71ff27fc2769a1b78a27578f13a17b -> 
  custom:container-demuxer-webm: 4f35f7cbe854078d1ac9338744f61a02 -> 
  custom:container-demuxer-ogg: 62fdf1f143b41e24485cea50d1cbac27 -> 
  custom:video-encoder-webm-vp8: eb34c28f22e8b96e1ab97ce403110664 -> 
  custom:framework-osx-AVFoundation: e770b220cccbd017edd2c1fefb359320 -> 
  custom:video-decoder-webm-vp8: 9c59270c3fd7afecdb556c50c9e8de78 -> 
  custom:audio-decoder-ogg-vorbis: bf7c407c2cedff20999df2af8eb42d56 -> 
  custom:audio-encoder-webm-vorbis: bf7c407c2cedff20999df2af8eb42d56 -> 
