Using pre-set license

 COMMAND LINE ARGUMENTS:
/Applications/Unity/Hub/Editor/2021.1.10f1/Unity.app/Contents/MacOS/Unity
-adb2
-batchMode
-noUpm
-name
AssetImportWorker0
-projectPath
/Users/nitesh/Desktop/unitygame/Unity_Learn/Learn_Unity
-logFile
Logs/AssetImportWorker0.log
-srvPort
51327
Successfully changed project path to: /Users/nitesh/Desktop/unitygame/Unity_Learn/Learn_Unity
/Users/nitesh/Desktop/unitygame/Unity_Learn/Learn_Unity
Using Asset Import Pipeline V2.
Refreshing native plugins compatible for Editor in 65.66 ms, found 2 plugins.
Preloading 0 native plugins for Editor in 0.00 ms.
Initialize engine version: 2021.1.10f1 (b15f561b2cef)
[Subsystems] Discovering subsystems at path /Applications/Unity/Hub/Editor/2021.1.10f1/Unity.app/Contents/Resources/UnitySubsystems
[Subsystems] Discovering subsystems at path /Users/nitesh/Desktop/unitygame/Unity_Learn/Learn_Unity/Assets
GfxDevice: creating device client; threaded=0; jobified=0
2021-07-06 12:13:38.460 Unity[3275:72147] Color LCD preferred device: Intel(R) Iris(TM) Graphics 6000 (low power)
2021-07-06 12:13:38.461 Unity[3275:72147] Metal devices available: 1
2021-07-06 12:13:38.461 Unity[3275:72147] 0: Intel(R) Iris(TM) Graphics 6000 (low power)
2021-07-06 12:13:38.461 Unity[3275:72147] Using device Intel(R) Iris(TM) Graphics 6000 (low power)
Initializing Metal device caps: Intel(R) Iris(TM) Graphics 6000
Initialize mono
Mono path[0] = '/Applications/Unity/Hub/Editor/2021.1.10f1/Unity.app/Contents/Managed'
Mono path[1] = '/Applications/Unity/Hub/Editor/2021.1.10f1/Unity.app/Contents/MonoBleedingEdge/lib/mono/unityjit'
Mono config path = '/Applications/Unity/Hub/Editor/2021.1.10f1/Unity.app/Contents/MonoBleedingEdge/etc'
Using monoOptions --debugger-agent=transport=dt_socket,embedding=1,server=y,suspend=n,address=127.0.0.1:56275
Begin MonoManager ReloadAssembly
Registering precompiled unity dll's ...
Register platform support module: /Applications/Unity/Hub/Editor/2021.1.10f1/Unity.app/Contents/PlaybackEngines/MacStandaloneSupport/UnityEditor.OSXStandalone.Extensions.dll
Registered in 0.002393 seconds.
Native extension for OSXStandalone target not found
Refreshing native plugins compatible for Editor in 55.48 ms, found 2 plugins.
Preloading 0 native plugins for Editor in 0.00 ms.
Mono: successfully reloaded assembly
- Completed reload, in 11.523 seconds
Domain Reload Profiling:
	ReloadAssembly (11524ms)
		BeginReloadAssembly (67ms)
			ExecutionOrderSort (0ms)
			DisableScriptedObjects (0ms)
			BackupInstance (0ms)
			ReleaseScriptingObjects (0ms)
			CreateAndSetChildDomain (1ms)
		EndReloadAssembly (902ms)
			LoadAssemblies (71ms)
			RebuildTransferFunctionScriptingTraits (0ms)
			SetupTypeCache (436ms)
			ReleaseScriptCaches (0ms)
			RebuildScriptCaches (59ms)
			SetupLoadedEditorAssemblies (308ms)
				LogAssemblyErrors (0ms)
				InitializePlatformSupportModulesInManaged (13ms)
				SetLoadedEditorAssemblies (1ms)
				RefreshPlugins (56ms)
				BeforeProcessingInitializeOnLoad (2ms)
				ProcessInitializeOnLoadAttributes (184ms)
				ProcessInitializeOnLoadMethodAttributes (53ms)
				AfterProcessingInitializeOnLoad (0ms)
				EditorAssembliesLoaded (0ms)
			ExecutionOrderSort2 (0ms)
			AwakeInstancesAfterBackupRestoration (0ms)
Platform modules already initialized, skipping
Registering precompiled user dll's ...
Registered in 0.006320 seconds.
Begin MonoManager ReloadAssembly
Native extension for OSXStandalone target not found
Refreshing native plugins compatible for Editor in 0.42 ms, found 2 plugins.
Preloading 0 native plugins for Editor in 0.00 ms.
Mono: successfully reloaded assembly
- Completed reload, in  1.951 seconds
Domain Reload Profiling:
	ReloadAssembly (1952ms)
		BeginReloadAssembly (320ms)
			ExecutionOrderSort (0ms)
			DisableScriptedObjects (11ms)
			BackupInstance (0ms)
			ReleaseScriptingObjects (0ms)
			CreateAndSetChildDomain (56ms)
		EndReloadAssembly (1527ms)
			LoadAssemblies (184ms)
			RebuildTransferFunctionScriptingTraits (0ms)
			SetupTypeCache (563ms)
			ReleaseScriptCaches (0ms)
			RebuildScriptCaches (98ms)
			SetupLoadedEditorAssemblies (483ms)
				LogAssemblyErrors (0ms)
				InitializePlatformSupportModulesInManaged (6ms)
				SetLoadedEditorAssemblies (1ms)
				RefreshPlugins (0ms)
				BeforeProcessingInitializeOnLoad (64ms)
				ProcessInitializeOnLoadAttributes (399ms)
				ProcessInitializeOnLoadMethodAttributes (10ms)
				AfterProcessingInitializeOnLoad (2ms)
				EditorAssembliesLoaded (0ms)
			ExecutionOrderSort2 (0ms)
			AwakeInstancesAfterBackupRestoration (13ms)
Platform modules already initialized, skipping
========================================================================
Worker process is ready to serve import requests
Launching external process: /Applications/Unity/Hub/Editor/2021.1.10f1/Unity.app/Contents/Tools/UnityShaderCompiler
Launched and connected shader compiler UnityShaderCompiler after 0.09 seconds
Refreshing native plugins compatible for Editor in 0.46 ms, found 2 plugins.
Preloading 0 native plugins for Editor in 0.00 ms.
Unloading 1619 Unused Serialized files (Serialized files now loaded: 0)
System memory in use before: 159.1 MB.
System memory in use after: 159.2 MB.

Unloading 20 unused Assets to reduce memory usage. Loaded Objects now: 2067.
Total: 2.766901 ms (FindLiveObjects: 0.184536 ms CreateObjectMapping: 0.062204 ms MarkObjects: 2.427666 ms  DeleteObjects: 0.091042 ms)

AssetImportParameters requested are different than current active one (requested -> active):
  custom:video-decoder-ogg-theora: a1e56fd34408186e4bbccfd4996cb3dc -> 
  custom:container-muxer-webm: aa71ff27fc2769a1b78a27578f13a17b -> 
  custom:container-demuxer-webm: 4f35f7cbe854078d1ac9338744f61a02 -> 
  custom:container-demuxer-ogg: 62fdf1f143b41e24485cea50d1cbac27 -> 
  custom:video-encoder-webm-vp8: eb34c28f22e8b96e1ab97ce403110664 -> 
  custom:framework-osx-AVFoundation: e770b220cccbd017edd2c1fefb359320 -> 
  custom:video-decoder-webm-vp8: 9c59270c3fd7afecdb556c50c9e8de78 -> 
  custom:audio-decoder-ogg-vorbis: bf7c407c2cedff20999df2af8eb42d56 -> 
  custom:audio-encoder-webm-vorbis: bf7c407c2cedff20999df2af8eb42d56 -> 
========================================================================
Received Import Request.
  path: Assets/day1/Scripts/UIScaler.cs
  artifactKey: Guid(aad681a91140e4ac892905449a35ae11) Importer(815301076,1909f56bfc062723c751e8b465ee728b)
Start importing Assets/day1/Scripts/UIScaler.cs using Guid(aad681a91140e4ac892905449a35ae11) Importer(815301076,1909f56bfc062723c751e8b465ee728b)  -> (artifact id: 'c3cc3b1f2034701f7887fe145664f633') in 0.639618 seconds 
========================================================================
Received Import Request.
  Time since last request: 121.580601 seconds.
  path: Assets/day2/Script/Dropdownhandler.cs
  artifactKey: Guid(d3a5d4cc84573460f9cce1a9839ea4aa) Importer(815301076,1909f56bfc062723c751e8b465ee728b)
Start importing Assets/day2/Script/Dropdownhandler.cs using Guid(d3a5d4cc84573460f9cce1a9839ea4aa) Importer(815301076,1909f56bfc062723c751e8b465ee728b)  -> (artifact id: 'ca2897223698f1275e6ffc7392e3b39b') in 0.003826 seconds 
========================================================================
Received Import Request.
  Time since last request: 2.472300 seconds.
  path: Assets/day2/UseJson/Form.unity
  artifactKey: Guid(f5746d57f7b6d45cf8843754b1cdf800) Importer(815301076,1909f56bfc062723c751e8b465ee728b)
Start importing Assets/day2/UseJson/Form.unity using Guid(f5746d57f7b6d45cf8843754b1cdf800) Importer(815301076,1909f56bfc062723c751e8b465ee728b)  -> (artifact id: '64bc6604625978b67aca37019dbc2fe8') in 0.021104 seconds 
========================================================================
Received Import Request.
  Time since last request: 1.489640 seconds.
  path: Assets/day2/UseJson/Jsonreadwrit.cs
  artifactKey: Guid(ac6c5674be05b47e2bd64428f955d1d1) Importer(815301076,1909f56bfc062723c751e8b465ee728b)
Start importing Assets/day2/UseJson/Jsonreadwrit.cs using Guid(ac6c5674be05b47e2bd64428f955d1d1) Importer(815301076,1909f56bfc062723c751e8b465ee728b)  -> (artifact id: 'a0be735ecce2bb9ee6740ffe51c4ccdf') in 0.003047 seconds 
========================================================================
Received Import Request.
  Time since last request: 4064.589123 seconds.
  path: Assets/day3/Scripts
  artifactKey: Guid(81e9a8a8ecb7341a09b3edbf288771d7) Importer(815301076,1909f56bfc062723c751e8b465ee728b)
Start importing Assets/day3/Scripts using Guid(81e9a8a8ecb7341a09b3edbf288771d7) Importer(815301076,1909f56bfc062723c751e8b465ee728b)  -> (artifact id: '41f1756757be110ec3a57e8f6af11422') in 0.007715 seconds 
========================================================================
Received Import Request.
  Time since last request: 0.736033 seconds.
  path: Assets/day3/materials
  artifactKey: Guid(3f4316de33b52453e81a8cac7946a883) Importer(815301076,1909f56bfc062723c751e8b465ee728b)
Start importing Assets/day3/materials using Guid(3f4316de33b52453e81a8cac7946a883) Importer(815301076,1909f56bfc062723c751e8b465ee728b)  -> (artifact id: 'b7db3c314829460c8313d50f5303a2fc') in 0.005476 seconds 
========================================================================
Received Import Request.
  Time since last request: 5.024858 seconds.
  path: Assets/day2/Script/Buton_handler.cs
  artifactKey: Guid(83a5a5b67bd844537b38e93427c9be3e) Importer(815301076,1909f56bfc062723c751e8b465ee728b)
Start importing Assets/day2/Script/Buton_handler.cs using Guid(83a5a5b67bd844537b38e93427c9be3e) Importer(815301076,1909f56bfc062723c751e8b465ee728b)  -> (artifact id: 'a5c608cb3b08616cc4e9c090ace4f562') in 0.017467 seconds 
========================================================================
Received Import Request.
  Time since last request: 9.364003 seconds.
  path: Assets/day2/UseJson/data.cs
  artifactKey: Guid(0b888e1171d994436acf40ccbd7f2b86) Importer(815301076,1909f56bfc062723c751e8b465ee728b)
Start importing Assets/day2/UseJson/data.cs using Guid(0b888e1171d994436acf40ccbd7f2b86) Importer(815301076,1909f56bfc062723c751e8b465ee728b)  -> (artifact id: 'ee496263c42aedec516cb4fcb94de7ea') in 0.005423 seconds 
